<?xml version="1.0" encoding="UTF-8"?>
<!-- Generated by org.testng.reporters.JUnitXMLReporter -->
<testsuite hostname="DESKTOP-R5RNTUC" name="Validating Navigation bar" tests="1" failures="0" timestamp="7 Feb 2021 12:56:16 GMT" time="0.032" errors="0">
  <testcase name="@BeforeTest initialize" time="0.0" classname="Academy.ValidateNavigationBar">
    <failure type="java.lang.NullPointerException">
      <![CDATA[java.lang.NullPointerException
	at resources.base.initializeDriver(base.java:30)
	at Academy.ValidateNavigationBar.initialize(ValidateNavigationBar.java:23)
	at java.util.concurrent.FutureTask.run(Unknown Source)
	at java.util.concurrent.ThreadPoolExecutor.runWorker(Unknown Source)
	at java.util.concurrent.ThreadPoolExecutor$Worker.run(Unknown Source)
	at java.lang.Thread.run(Unknown Source)
... Removed 14 stack frames]]>
    </failure>
  </testcase> <!-- @BeforeTest initialize -->
  <testcase name="@AfterTest teardown" time="0.0" classname="Academy.ValidateNavigationBar">
    <skipped/>
  </testcase> <!-- @AfterTest teardown -->
  <testcase name="basePageNavigation" time="0.005" classname="Academy.ValidateNavigationBar">
    <skipped/>
  </testcase> <!-- basePageNavigation -->
</testsuite> <!-- Validating Navigation bar -->
