<?xml version="1.0" encoding="UTF-8"?>
<!-- Generated by org.testng.reporters.JUnitXMLReporter -->
<testsuite hostname="DESKTOP-R5RNTUC" name="Validating Login" tests="2" failures="2" timestamp="11 Feb 2021 20:50:27 GMT" time="0.293" errors="0">
  <testcase name="runScenario" time="0.01" classname="CucumberOptions.TestRunner">
    <failure type="java.lang.AbstractMethodError" message="cucumber.runtime.java.JavaStepDefinition.matchedArguments(Lgherkin/pickles/PickleStep;)Ljava/util/List;">
      <![CDATA[java.lang.AbstractMethodError: cucumber.runtime.java.JavaStepDefinition.matchedArguments(Lgherkin/pickles/PickleStep;)Ljava/util/List;
	at cucumber.runtime.RuntimeGlue.stepDefinitionMatches(RuntimeGlue.java:77)
	at cucumber.runtime.RuntimeGlue.stepDefinitionMatch(RuntimeGlue.java:63)
	at cucumber.runner.Runner.addTestStepsForPickleSteps(Runner.java:109)
	at cucumber.runner.Runner.createTestCaseForPickle(Runner.java:98)
	at cucumber.runner.Runner.runPickle(Runner.java:79)
	at cucumber.api.testng.TestNGCucumberRunner.runScenario(TestNGCucumberRunner.java:84)
	at cucumber.api.testng.AbstractTestNGCucumberTests.runScenario(AbstractTestNGCucumberTests.java:22)
	at java.util.concurrent.FutureTask.run(Unknown Source)
	at java.util.concurrent.ThreadPoolExecutor.runWorker(Unknown Source)
	at java.util.concurrent.ThreadPoolExecutor$Worker.run(Unknown Source)
	at java.lang.Thread.run(Unknown Source)
	at ✽.Intialize the browser with chrome(src/test/java/features/login.feature:4)
... Removed 16 stack frames]]>
    </failure>
  </testcase> <!-- runScenario -->
  <testcase name="runScenario" time="0.047" classname="CucumberOptions.TestRunner">
    <failure type="java.lang.NullPointerException">
      <![CDATA[java.lang.NullPointerException
	at resources.base.getscreenshotPath(base.java:53)
	at Academy.Listeners.onTestFailure(Listeners.java:53)
	at java.util.concurrent.FutureTask.run(Unknown Source)
	at java.util.concurrent.ThreadPoolExecutor.runWorker(Unknown Source)
	at java.util.concurrent.ThreadPoolExecutor$Worker.run(Unknown Source)
	at java.lang.Thread.run(Unknown Source)
... Removed 13 stack frames]]>
    </failure>
  </testcase> <!-- runScenario -->
</testsuite> <!-- Validating Login -->
