<?xml version="1.0" encoding="UTF-8"?>
<testng-results skipped="0" failed="0" total="0" passed="0">
  <reporter-output>
    <line>
      <![CDATA[<div "result">Intialize the browser with chrome (FAILED : 0s)</div>]]>
    </line>
    <line>
      <![CDATA[<div "result">Navigate to &quot;http:&#x2F;&#x2F;www.qaclickacademy.com&#x2F;&quot; Site (FAILED : 0s)</div>]]>
    </line>
    <line>
      <![CDATA[<div "result">Click on Login link in home page to land on secure sign in page (FAILED : 0s)</div>]]>
    </line>
    <line>
      <![CDATA[<div "result">User enters abc@gmail.com and abcdefg and logs in (FAILED : 0s)</div>]]>
    </line>
    <line>
      <![CDATA[<div "result">Verify that user is not succesfully logged in (FAILED : 0s)</div>]]>
    </line>
  </reporter-output>
  <suite name="Suite" duration-ms="0" started-at="2021-02-11T20:50:27Z" finished-at="2021-02-11T20:50:27Z">
    <groups>
      <group name="cucumber">
        <method signature="AbstractTestNGCucumberTests.runScenario(cucumber.api.testng.PickleEventWrapper, cucumber.api.testng.CucumberFeatureWrapper)[pri:0, instance:CucumberOptions.TestRunner@323b36e0]" name="runScenario" class="cucumber.api.testng.AbstractTestNGCucumberTests"/>
      </group> <!-- cucumber -->
    </groups>
  </suite> <!-- Suite -->
</testng-results>
